❌ Failed: VIRONAS NOBACCO SHOP | Address: Coordinates | Error: ZERO_RESULTS
❌ Failed: ΑΡΙΣΤΕΙΔΗΣ ΓΚΟΡΟΣ Ο.Ε (OSA ΒΥΡΩΝΑ 2) | Address: 68 Παναγη Τσαλδαρη | Error: ZERO_RESULTS
❌ Failed: ΚΡΑΨΙΤΗΣ ΓΕΩΡΓΙΟΣ | Address: 106 82 | Error: ZERO_RESULTS
❌ Failed: ΨΥΧΙΑΣ ΣΠΥΡΙΔΩΝ ΚΩΝΣΤΑΝΤΙΝΟΣ (ΥΠ/ΜΑ 01) | Address: 2 Γύζη Νικολάου 2 | Error: ZERO_RESULTS
❌ Failed: ΥΙΟΙ Κ Ε ΑΝΑΣΤΑΣΟΠΟΥΛΟΙ ΣΥΝ Ε. Ε | Address: Coordinates | Error: ZERO_RESULTS
❌ Failed: ΠΑΠΑΓΕΩΡΓΙΟΥ ΑΠΟΣΤΟΛΟΣ | Address: Αθήνα | Error: ZERO_RESULTS
❌ Failed: ΠΑΠΑΖΙΚΟΣ Ι. ΝΙΚΟΛΑΟΣ | Address: 115 22 | Error: ZERO_RESULTS
❌ Failed: ΠΑΠΑΓΕΩΡΓΙΟΥ ΧΡΗΣΤΟΣ | Address: Αθήνα | Error: ZERO_RESULTS
❌ Failed: ΣΙΑΠΛΑΟΥΡΑΣ ΓΕΩΡΓΙΟΣ | Address: Coordinates | Error: ZERO_RESULTS
❌ Failed: ACROPOL KIOSKYS ΕΕ | Address: 10 Rovertou Galli | Error: ZERO_RESULTS
❌ Failed: PICK IT ΓΕΩΡΓΙΟΣ ΠΕΤΡΗΣ | Address: Αθήνα 115 23 | Error: ZERO_RESULTS
❌ Failed: Η ΑΓΟΡΑ DCT ΙΚΕ | Address: 23 Georgiou Vlachou | Error: ZERO_RESULTS
❌ Failed: ΨΑΡΡΟΥ ΕΜΜ. ΣΟΦΙΑ | Address: 155 Pireos | Error: ZERO_RESULTS
❌ Failed: Γ.ΑΝΑΣΤΑΣΟΠΟΥΛΟΣ-Σ.ΑΝΑΣΤΑΣΟΠΟΥΛΟΣ ΟΕ | Address: Αθήνα | Error: ZERO_RESULTS
❌ Failed: IQOS Corner Germanos N. Kosmos | Address: 76 Leoforos Andrea Siggrou | Error: ZERO_RESULTS
❌ Failed: ΑΡΙΣΤΕΙΔΗΣ ΓΚΟΡΟΣ Ο.Ε (OSA ΒΥΡΩΝΑ 2)* | Address: 68 Παναγη Τσαλδαρη | Error: ZERO_RESULTS
❌ Failed: ΨΥΧΙΑΣ ΣΠΥΡΙΔΩΝ ΚΩΝΣΤΑΝΤΙΝΟΣ (ΥΠ/ΜΑ 01)* | Address: 2 Γύζη Νικολάου 2 | Error: ZERO_RESULTS
❌ Failed: ΑΓΓΕΛΟΥ ΕΛΕΥΘΕΡΙΟΣ | Address: 3 Karatheodori | Error: ZERO_RESULTS
❌ Failed: Γ.ΑΝΑΣΤΑΣΟΠΟΥΛΟΣ-Σ.ΑΝΑΣΤΑΣΟΠΟΥΛΟΣ ΟΕ* | Address: Αθήνα | Error: ZERO_RESULTS
❌ Failed: ΠΑΠΑΖΙΚΟΣ Ι. ΝΙΚΟΛΑΟΣ* | Address: 115 22 | Error: ZERO_RESULTS
❌ Failed: ΠΑΠΑΓΕΩΡΓΙΟΥ ΧΡΗΣΤΟΣ* | Address: Αθήνα | Error: ZERO_RESULTS
❌ Failed: ACROPOL KIOSKYS ΕΕ* | Address: 10 Rovertou Galli | Error: ZERO_RESULTS
❌ Failed: PICK IT ΓΕΩΡΓΙΟΣ ΠΕΤΡΗΣ* | Address: Αθήνα 115 23 | Error: ZERO_RESULTS
❌ Failed: Η ΑΓΟΡΑ DCT ΙΚΕ* | Address: 23 Georgiou Vlachou | Error: ZERO_RESULTS
